<?xml version="1.0" encoding="UTF-8"?>
<TestRun id="9558fc82-6c97-4176-a5ea-83d8734201ce" name="John@JOHN-B1D40150DD 2009-09-03 02:26:34" runUser="JOHN-B1D40150DD\John" xmlns="http://microsoft.com/schemas/VisualStudio/TeamTest/2006">
  <TestRunConfiguration name="Local Test Run" id="ed059666-6410-4ffd-886b-fa389ceac4c3">
    <Description>This is a default test run configuration for a local test run.</Description>
    <Deployment runDeploymentRoot="C:\Documents and Settings\John\My Documents\Visual Studio 2008\Projects\PokerSimLib4911\TestResults\John_JOHN-B1D40150DD 2009-09-03 02_26_34">
      <DeploymentItem filename="C:\Documents and Settings\John\My Documents\Visual Studio 2008\Projects\PokerSimLib4911\PokerSimLib4911\bin\Debug\PokerSimLib4911.dll" />
    </Deployment>
    <TestTypeSpecific />
  </TestRunConfiguration>
  <ResultSummary outcome="Error">
    <Counters total="1" executed="1" error="0" failed="0" timeout="0" aborted="1" inconclusive="0" passedButRunAborted="0" notRunnable="0" notExecuted="0" disconnected="0" warning="0" passed="0" completed="0" inProgress="0" pending="0" />
    <RunInfos>
      <RunInfo computerName="JOHN-B1D40150DD" outcome="Error" timestamp="2009-09-03T02:27:40.4531250-04:00">
        <Text>Test host process exited unexpectedly.</Text>
      </RunInfo>
    </RunInfos>
  </ResultSummary>
  <Times creation="2009-09-03T02:26:34.2500000-04:00" queuing="2009-09-03T02:26:35.7343750-04:00" start="2009-09-03T02:26:36.1406250-04:00" finish="2009-09-03T02:27:40.4531250-04:00" />
  <TestDefinitions>
    <UnitTest name="OrderHandTest" storage="c:\documents and settings\john\my documents\visual studio 2008\projects\pokersimlib4911\testprojectpokersimlib4911\bin\debug\testprojectpokersimlib4911.dll" id="1e7c25f7-cdf9-cb4a-25e1-13b6c7e505e6">
      <Css projectStructure="" iteration="" />
      <Owners>
        <Owner name="" />
      </Owners>
      <Execution id="e9703a0b-08fc-4264-9c8a-702a98047251" />
      <TestMethod codeBase="C:\Documents and Settings\John\My Documents\Visual Studio 2008\Projects\PokerSimLib4911\TestProjectPokerSimLib4911\bin\Debug\TestProjectPokerSimLib4911.dll" adapterTypeName="Microsoft.VisualStudio.TestTools.TestTypes.Unit.UnitTestAdapter, Microsoft.VisualStudio.QualityTools.Tips.UnitTest.Adapter, Version=9.0.0.0, Culture=neutral, PublicKeyToken=b03f5f7f11d50a3a" className="TestProjectPokerSimLib4911.DeckTest, TestProjectPokerSimLib4911" name="OrderHandTest" />
    </UnitTest>
  </TestDefinitions>
  <TestLists>
    <TestList name="Results Not in a List" id="8c84fa94-04c1-424b-9868-57a2d4851a1d" />
    <TestList name="All Loaded Results" id="19431567-8539-422a-85d7-44ee4e166bda" />
  </TestLists>
  <TestEntries>
    <TestEntry testId="1e7c25f7-cdf9-cb4a-25e1-13b6c7e505e6" executionId="b3fa3929-50ed-4136-9266-848617af5a6f" testListId="8c84fa94-04c1-424b-9868-57a2d4851a1d" />
  </TestEntries>
  <Results>
    <UnitTestResult executionId="b3fa3929-50ed-4136-9266-848617af5a6f" testId="1e7c25f7-cdf9-cb4a-25e1-13b6c7e505e6" testName="OrderHandTest" computerName="JOHN-B1D40150DD" duration="00:01:04.0312500" startTime="2009-09-03T02:26:36.4218750-04:00" endTime="2009-09-03T02:27:40.4531250-04:00" testType="13cdc9d9-ddb5-4fa4-a97d-d965ccfc6d4b" outcome="Aborted" testListId="8c84fa94-04c1-424b-9868-57a2d4851a1d">
    </UnitTestResult>
  </Results>
</TestRun>