<?xml version="1.0" encoding="UTF-8"?>
<TestRun id="62834080-9580-4b14-9a8a-674ac7dcee47" name="John@JOHN-B1D40150DD 2009-09-03 02:38:27" runUser="JOHN-B1D40150DD\John" xmlns="http://microsoft.com/schemas/VisualStudio/TeamTest/2006">
  <TestRunConfiguration name="Local Test Run" id="ed059666-6410-4ffd-886b-fa389ceac4c3">
    <Description>This is a default test run configuration for a local test run.</Description>
    <Deployment runDeploymentRoot="C:\Documents and Settings\John\My Documents\Visual Studio 2008\Projects\PokerSimLib4911\TestResults\John_JOHN-B1D40150DD 2009-09-03 02_38_27">
      <DeploymentItem filename="C:\Documents and Settings\John\My Documents\Visual Studio 2008\Projects\PokerSimLib4911\PokerSimLib4911\bin\Debug\PokerSimLib4911.dll" />
    </Deployment>
    <TestTypeSpecific />
  </TestRunConfiguration>
  <ResultSummary outcome="Failed">
    <Counters total="1" executed="1" error="0" failed="1" timeout="0" aborted="0" inconclusive="0" passedButRunAborted="0" notRunnable="0" notExecuted="0" disconnected="0" warning="0" passed="0" completed="0" inProgress="0" pending="0" />
  </ResultSummary>
  <Times creation="2009-09-03T02:38:27.3437500-04:00" queuing="2009-09-03T02:38:28.9843750-04:00" start="2009-09-03T02:38:29.3593750-04:00" finish="2009-09-03T02:38:30.2812500-04:00" />
  <TestDefinitions>
    <UnitTest name="OrderHandTest" storage="c:\documents and settings\john\my documents\visual studio 2008\projects\pokersimlib4911\testprojectpokersimlib4911\bin\debug\testprojectpokersimlib4911.dll" id="1e7c25f7-cdf9-cb4a-25e1-13b6c7e505e6">
      <Css projectStructure="" iteration="" />
      <Owners>
        <Owner name="" />
      </Owners>
      <Execution id="08ba4d8e-6e19-4c22-999f-8d96bb482e60" />
      <TestMethod codeBase="C:\Documents and Settings\John\My Documents\Visual Studio 2008\Projects\PokerSimLib4911\TestProjectPokerSimLib4911\bin\Debug\TestProjectPokerSimLib4911.dll" adapterTypeName="Microsoft.VisualStudio.TestTools.TestTypes.Unit.UnitTestAdapter, Microsoft.VisualStudio.QualityTools.Tips.UnitTest.Adapter, Version=9.0.0.0, Culture=neutral, PublicKeyToken=b03f5f7f11d50a3a" className="TestProjectPokerSimLib4911.DeckTest, TestProjectPokerSimLib4911" name="OrderHandTest" />
    </UnitTest>
  </TestDefinitions>
  <TestLists>
    <TestList name="Results Not in a List" id="8c84fa94-04c1-424b-9868-57a2d4851a1d" />
    <TestList name="All Loaded Results" id="19431567-8539-422a-85d7-44ee4e166bda" />
  </TestLists>
  <TestEntries>
    <TestEntry testId="1e7c25f7-cdf9-cb4a-25e1-13b6c7e505e6" executionId="08ba4d8e-6e19-4c22-999f-8d96bb482e60" testListId="8c84fa94-04c1-424b-9868-57a2d4851a1d" />
  </TestEntries>
  <Results>
    <UnitTestResult executionId="08ba4d8e-6e19-4c22-999f-8d96bb482e60" testId="1e7c25f7-cdf9-cb4a-25e1-13b6c7e505e6" testName="OrderHandTest" computerName="JOHN-B1D40150DD" duration="00:00:00.1208080" startTime="2009-09-03T02:38:29.5468750-04:00" endTime="2009-09-03T02:38:30.1250000-04:00" testType="13cdc9d9-ddb5-4fa4-a97d-d965ccfc6d4b" outcome="Failed" testListId="8c84fa94-04c1-424b-9868-57a2d4851a1d">
      <Output>
        <ErrorInfo>
          <Message>Assert.AreEqual failed. Expected:&lt;System.Collections.Generic.List`1[PokerSimLib4911.Card]&gt;. Actual:&lt;System.Collections.Generic.List`1[PokerSimLib4911.Card]&gt;. </Message>
          <StackTrace>   at TestProjectPokerSimLib4911.DeckTest.OrderHandTest() in C:\Documents and Settings\John\My Documents\Visual Studio 2008\Projects\PokerSimLib4911\TestProjectPokerSimLib4911\DeckTest.cs:line 124
</StackTrace>
        </ErrorInfo>
      </Output>
    </UnitTestResult>
  </Results>
</TestRun>