<?xml version="1.0" encoding="UTF-8"?>
<TestRun id="aeb713b0-4e01-4072-961b-f2e10c9da4b3" name="John@JOHN-B1D40150DD 2009-09-03 02:33:04" runUser="JOHN-B1D40150DD\John" xmlns="http://microsoft.com/schemas/VisualStudio/TeamTest/2006">
  <TestRunConfiguration name="Local Test Run" id="ed059666-6410-4ffd-886b-fa389ceac4c3">
    <Description>This is a default test run configuration for a local test run.</Description>
    <Deployment runDeploymentRoot="C:\Documents and Settings\John\My Documents\Visual Studio 2008\Projects\PokerSimLib4911\TestResults\John_JOHN-B1D40150DD 2009-09-03 02_33_04">
      <DeploymentItem filename="C:\Documents and Settings\John\My Documents\Visual Studio 2008\Projects\PokerSimLib4911\PokerSimLib4911\bin\Debug\PokerSimLib4911.dll" />
    </Deployment>
    <TestTypeSpecific />
  </TestRunConfiguration>
  <ResultSummary outcome="Failed">
    <Counters total="1" executed="1" error="0" failed="1" timeout="0" aborted="0" inconclusive="0" passedButRunAborted="0" notRunnable="0" notExecuted="0" disconnected="0" warning="0" passed="0" completed="0" inProgress="0" pending="0" />
  </ResultSummary>
  <Times creation="2009-09-03T02:33:04.9062500-04:00" queuing="2009-09-03T02:33:06.4062500-04:00" start="2009-09-03T02:33:06.7500000-04:00" finish="2009-09-03T02:33:07.7500000-04:00" />
  <TestDefinitions>
    <UnitTest name="OrderHandTest" storage="c:\documents and settings\john\my documents\visual studio 2008\projects\pokersimlib4911\testprojectpokersimlib4911\bin\debug\testprojectpokersimlib4911.dll" id="1e7c25f7-cdf9-cb4a-25e1-13b6c7e505e6">
      <Css projectStructure="" iteration="" />
      <Owners>
        <Owner name="" />
      </Owners>
      <Execution id="fd3d4b3e-b22b-4c3f-bf57-0091103d8579" />
      <TestMethod codeBase="C:\Documents and Settings\John\My Documents\Visual Studio 2008\Projects\PokerSimLib4911\TestProjectPokerSimLib4911\bin\Debug\TestProjectPokerSimLib4911.dll" adapterTypeName="Microsoft.VisualStudio.TestTools.TestTypes.Unit.UnitTestAdapter, Microsoft.VisualStudio.QualityTools.Tips.UnitTest.Adapter, Version=9.0.0.0, Culture=neutral, PublicKeyToken=b03f5f7f11d50a3a" className="TestProjectPokerSimLib4911.DeckTest, TestProjectPokerSimLib4911" name="OrderHandTest" />
    </UnitTest>
  </TestDefinitions>
  <TestLists>
    <TestList name="Results Not in a List" id="8c84fa94-04c1-424b-9868-57a2d4851a1d" />
    <TestList name="All Loaded Results" id="19431567-8539-422a-85d7-44ee4e166bda" />
  </TestLists>
  <TestEntries>
    <TestEntry testId="1e7c25f7-cdf9-cb4a-25e1-13b6c7e505e6" executionId="fd3d4b3e-b22b-4c3f-bf57-0091103d8579" testListId="8c84fa94-04c1-424b-9868-57a2d4851a1d" />
  </TestEntries>
  <Results>
    <UnitTestResult executionId="fd3d4b3e-b22b-4c3f-bf57-0091103d8579" testId="1e7c25f7-cdf9-cb4a-25e1-13b6c7e505e6" testName="OrderHandTest" computerName="JOHN-B1D40150DD" duration="00:00:00.1281091" startTime="2009-09-03T02:33:06.9843750-04:00" endTime="2009-09-03T02:33:07.5781250-04:00" testType="13cdc9d9-ddb5-4fa4-a97d-d965ccfc6d4b" outcome="Failed" testListId="8c84fa94-04c1-424b-9868-57a2d4851a1d">
      <Output>
        <ErrorInfo>
          <Message>Test method TestProjectPokerSimLib4911.DeckTest.OrderHandTest threw exception:  System.InvalidCastException: Unable to cast object of type 'System.Linq.OrderedEnumerable`2[PokerSimLib4911.Card,System.Int32]' to type 'System.Collections.Generic.List`1[PokerSimLib4911.Card]'..</Message>
          <StackTrace>    at TestProjectPokerSimLib4911.DeckTest.OrderHandTest() in C:\Documents and Settings\John\My Documents\Visual Studio 2008\Projects\PokerSimLib4911\TestProjectPokerSimLib4911\DeckTest.cs:line 121
</StackTrace>
        </ErrorInfo>
      </Output>
    </UnitTestResult>
  </Results>
</TestRun>